Testsuite: edu.umass.cs.benchlab.har.test.AllTests
Tests run: 41, Failures: 7, Errors: 0, Time elapsed: 1.723 sec
------------- Standard Output ---------------
File:test_files/missing-timing.har - Warning:Line:2, Column: 8255 - Missing timings field in entries element
File:test_files/missing-timing.har - Warning:Line:2, Column: 8255 - Missing timings field in entries element
File:test_files/missing-timing2.har - Warning:Line:1, Column: 41099 - Missing timings field in entries element
File:test_files/missing-timing2.har - Warning:Line:1, Column: 41604 - Missing timings field in entries element
File:test_files/missing-timing2.har - Warning:Line:1, Column: 41099 - Missing timings field in entries element
File:test_files/missing-timing2.har - Warning:Line:1, Column: 41604 - Missing timings field in entries element
Reading test_files/www.frogthinker.org.har
Writing test_files/www.frogthinker.org.har.test
Writing done, reading again from test_files/www.frogthinker.org.har.test
Comparing test_files/www.frogthinker.org.har with test_files/www.frogthinker.org.har.test
Success. Deleting test_files/www.frogthinker.org.har.test
Reading test_files/www.frogthinker.org.har
Writing test_files/www.frogthinker.org.har.test
Writing done, reading again from test_files/www.frogthinker.org.har.test
Comparing test_files/www.frogthinker.org.har with test_files/www.frogthinker.org.har.test
Success. Deleting test_files/www.frogthinker.org.har.test
Reading test_files/en.wikipedia.org.har
Writing test_files/en.wikipedia.org.har.test
Writing done, reading again from test_files/en.wikipedia.org.har.test
Comparing test_files/en.wikipedia.org.har with test_files/en.wikipedia.org.har.test
Success. Deleting test_files/en.wikipedia.org.har.test
Reading test_files/en.wikipedia.org.har
Writing test_files/en.wikipedia.org.har.test
Writing done, reading again from test_files/en.wikipedia.org.har.test
Comparing test_files/en.wikipedia.org.har with test_files/en.wikipedia.org.har.test
Success. Deleting test_files/en.wikipedia.org.har.test
Reading test_files/browser-blocking-time.har
Writing test_files/browser-blocking-time.har.test
Writing done, reading again from test_files/browser-blocking-time.har.test
Comparing test_files/browser-blocking-time.har with test_files/browser-blocking-time.har.test
Success. Deleting test_files/browser-blocking-time.har.test
Reading test_files/browser-blocking-time.har
Writing test_files/browser-blocking-time.har.test
Writing done, reading again from test_files/browser-blocking-time.har.test
Comparing test_files/browser-blocking-time.har with test_files/browser-blocking-time.har.test
Success. Deleting test_files/browser-blocking-time.har.test
Reading test_files/google.com.har
Writing test_files/google.com.har.test
Writing done, reading again from test_files/google.com.har.test
Comparing test_files/google.com.har with test_files/google.com.har.test
Success. Deleting test_files/google.com.har.test
Reading test_files/google.com.har
Writing test_files/google.com.har.test
Writing done, reading again from test_files/google.com.har.test
Comparing test_files/google.com.har with test_files/google.com.har.test
Success. Deleting test_files/google.com.har.test
Reading test_files/inline-scripts-block.har
Writing test_files/inline-scripts-block.har.test
Writing done, reading again from test_files/inline-scripts-block.har.test
Comparing test_files/inline-scripts-block.har with test_files/inline-scripts-block.har.test
Success. Deleting test_files/inline-scripts-block.har.test
Reading test_files/inline-scripts-block.har
Writing test_files/inline-scripts-block.har.test
Writing done, reading again from test_files/inline-scripts-block.har.test
Comparing test_files/inline-scripts-block.har with test_files/inline-scripts-block.har.test
Success. Deleting test_files/inline-scripts-block.har.test
Reading test_files/softwareishard.com.har
Writing test_files/softwareishard.com.har.test
Writing done, reading again from test_files/softwareishard.com.har.test
Comparing test_files/softwareishard.com.har with test_files/softwareishard.com.har.test
Success. Deleting test_files/softwareishard.com.har.test
Reading test_files/softwareishard.com.har
Writing test_files/softwareishard.com.har.test
Writing done, reading again from test_files/softwareishard.com.har.test
Comparing test_files/softwareishard.com.har with test_files/softwareishard.com.har.test
Success. Deleting test_files/softwareishard.com.har.test
Reading test_files/custom-tags.har
Writing test_files/custom-tags.har.test
Writing done, reading again from test_files/custom-tags.har.test
Comparing test_files/custom-tags.har with test_files/custom-tags.har.test
Success. Deleting test_files/custom-tags.har.test
Reading test_files/custom-tags.har
Writing test_files/custom-tags.har.test
Writing done, reading again from test_files/custom-tags.har.test
Comparing test_files/custom-tags.har with test_files/custom-tags.har.test
Success. Deleting test_files/custom-tags.har.test
Reading test_files/www.frogthinker.org.har done, writing now
Reading test_files/en.wikipedia.org.har done, writing now
Reading test_files/browser-blocking-time.har done, writing now
Reading test_files/google.com.har done, writing now
Reading test_files/inline-scripts-block.har done, writing now
Reading test_files/softwareishard.com.har done, writing now
Reading test_files/custom-tags.har done, writing now
------------- ---------------- ---------------
------------- Standard Error -----------------
java.sql.SQLException: Failed to instantiate database driver org.apache.derby.jdbc.EmbeddedDriver (java.lang.ClassNotFoundException: org.apache.derby.jdbc.EmbeddedDriver)
	at edu.umass.cs.benchlab.har.HarDatabaseConfig.<init>(HarDatabaseConfig.java:95)
	at edu.umass.cs.benchlab.har.test.HarJDBCTest.testHarJDBC(HarJDBCTest.java:94)
	at sun.reflect.NativeMethodAccessorImpl.invoke0(Native Method)
	at sun.reflect.NativeMethodAccessorImpl.invoke(NativeMethodAccessorImpl.java:57)
	at sun.reflect.DelegatingMethodAccessorImpl.invoke(DelegatingMethodAccessorImpl.java:43)
	at java.lang.reflect.Method.invoke(Method.java:601)
	at org.junit.internal.runners.TestMethodRunner.executeMethodBody(TestMethodRunner.java:99)
	at org.junit.internal.runners.TestMethodRunner.runUnprotected(TestMethodRunner.java:81)
	at org.junit.internal.runners.BeforeAndAfterRunner.runProtected(BeforeAndAfterRunner.java:34)
	at org.junit.internal.runners.TestMethodRunner.runMethod(TestMethodRunner.java:75)
	at org.junit.internal.runners.TestMethodRunner.run(TestMethodRunner.java:45)
	at org.junit.internal.runners.TestClassMethodsRunner.invokeTestMethod(TestClassMethodsRunner.java:66)
	at org.junit.internal.runners.TestClassMethodsRunner.run(TestClassMethodsRunner.java:35)
	at org.junit.internal.runners.CompositeRunner.run(CompositeRunner.java:29)
	at org.junit.internal.runners.TestClassRunner$1.runUnprotected(TestClassRunner.java:42)
	at org.junit.internal.runners.BeforeAndAfterRunner.runProtected(BeforeAndAfterRunner.java:34)
	at org.junit.internal.runners.TestClassRunner.run(TestClassRunner.java:52)
	at org.junit.internal.runners.CompositeRunner.run(CompositeRunner.java:29)
	at org.junit.internal.runners.TestClassRunner$1.runUnprotected(TestClassRunner.java:42)
	at org.junit.internal.runners.BeforeAndAfterRunner.runProtected(BeforeAndAfterRunner.java:34)
	at org.junit.internal.runners.TestClassRunner.run(TestClassRunner.java:52)
	at junit.framework.JUnit4TestAdapter.run(JUnit4TestAdapter.java:32)
	at org.apache.tools.ant.taskdefs.optional.junit.JUnitTestRunner.run(JUnitTestRunner.java:518)
	at org.apache.tools.ant.taskdefs.optional.junit.JUnitTask.executeInVM(JUnitTask.java:1420)
	at org.apache.tools.ant.taskdefs.optional.junit.JUnitTask.execute(JUnitTask.java:848)
	at org.apache.tools.ant.taskdefs.optional.junit.JUnitTask.executeOrQueue(JUnitTask.java:1899)
	at org.apache.tools.ant.taskdefs.optional.junit.JUnitTask.execute(JUnitTask.java:800)
	at org.apache.tools.ant.UnknownElement.execute(UnknownElement.java:291)
	at sun.reflect.NativeMethodAccessorImpl.invoke0(Native Method)
	at sun.reflect.NativeMethodAccessorImpl.invoke(NativeMethodAccessorImpl.java:57)
	at sun.reflect.DelegatingMethodAccessorImpl.invoke(DelegatingMethodAccessorImpl.java:43)
	at java.lang.reflect.Method.invoke(Method.java:601)
	at org.apache.tools.ant.dispatch.DispatchUtils.execute(DispatchUtils.java:106)
	at org.apache.tools.ant.Task.perform(Task.java:348)
	at org.apache.tools.ant.Target.execute(Target.java:390)
	at org.apache.tools.ant.Target.performTasks(Target.java:411)
	at org.apache.tools.ant.Project.executeSortedTargets(Project.java:1399)
	at org.apache.tools.ant.Project.executeTarget(Project.java:1368)
	at org.apache.tools.ant.helper.DefaultExecutor.executeTargets(DefaultExecutor.java:41)
	at org.eclipse.ant.internal.launching.remote.EclipseDefaultExecutor.executeTargets(EclipseDefaultExecutor.java:32)
	at org.apache.tools.ant.Project.executeTargets(Project.java:1251)
	at org.eclipse.ant.internal.launching.remote.InternalAntRunner.run(InternalAntRunner.java:424)
	at org.eclipse.ant.internal.launching.remote.InternalAntRunner.main(InternalAntRunner.java:138)
Caused by: java.lang.ClassNotFoundException: org.apache.derby.jdbc.EmbeddedDriver
	at org.apache.tools.ant.AntClassLoader.findClassInComponents(AntClassLoader.java:1361)
	at org.apache.tools.ant.AntClassLoader.findClass(AntClassLoader.java:1311)
	at org.apache.tools.ant.AntClassLoader.loadClass(AntClassLoader.java:1064)
	at org.apache.tools.ant.util.SplitClassLoader.loadClass(SplitClassLoader.java:58)
	at java.lang.ClassLoader.loadClass(ClassLoader.java:356)
	at java.lang.Class.forName0(Native Method)
	at java.lang.Class.forName(Class.java:186)
	at edu.umass.cs.benchlab.har.HarDatabaseConfig.<init>(HarDatabaseConfig.java:91)
	... 42 more
java.sql.SQLException: Failed to instantiate database driver org.apache.derby.jdbc.EmbeddedDriver (java.lang.ClassNotFoundException: org.apache.derby.jdbc.EmbeddedDriver)
	at edu.umass.cs.benchlab.har.HarDatabaseConfig.<init>(HarDatabaseConfig.java:95)
	at edu.umass.cs.benchlab.har.test.HarJDBCTest.testHarJDBC(HarJDBCTest.java:94)
	at sun.reflect.NativeMethodAccessorImpl.invoke0(Native Method)
	at sun.reflect.NativeMethodAccessorImpl.invoke(NativeMethodAccessorImpl.java:57)
	at sun.reflect.DelegatingMethodAccessorImpl.invoke(DelegatingMethodAccessorImpl.java:43)
	at java.lang.reflect.Method.invoke(Method.java:601)
	at org.junit.internal.runners.TestMethodRunner.executeMethodBody(TestMethodRunner.java:99)
	at org.junit.internal.runners.TestMethodRunner.runUnprotected(TestMethodRunner.java:81)
	at org.junit.internal.runners.BeforeAndAfterRunner.runProtected(BeforeAndAfterRunner.java:34)
	at org.junit.internal.runners.TestMethodRunner.runMethod(TestMethodRunner.java:75)
	at org.junit.internal.runners.TestMethodRunner.run(TestMethodRunner.java:45)
	at org.junit.internal.runners.TestClassMethodsRunner.invokeTestMethod(TestClassMethodsRunner.java:66)
	at org.junit.internal.runners.TestClassMethodsRunner.run(TestClassMethodsRunner.java:35)
	at org.junit.internal.runners.CompositeRunner.run(CompositeRunner.java:29)
	at org.junit.internal.runners.TestClassRunner$1.runUnprotected(TestClassRunner.java:42)
	at org.junit.internal.runners.BeforeAndAfterRunner.runProtected(BeforeAndAfterRunner.java:34)
	at org.junit.internal.runners.TestClassRunner.run(TestClassRunner.java:52)
	at org.junit.internal.runners.CompositeRunner.run(CompositeRunner.java:29)
	at org.junit.internal.runners.TestClassRunner$1.runUnprotected(TestClassRunner.java:42)
	at org.junit.internal.runners.BeforeAndAfterRunner.runProtected(BeforeAndAfterRunner.java:34)
	at org.junit.internal.runners.TestClassRunner.run(TestClassRunner.java:52)
	at junit.framework.JUnit4TestAdapter.run(JUnit4TestAdapter.java:32)
	at org.apache.tools.ant.taskdefs.optional.junit.JUnitTestRunner.run(JUnitTestRunner.java:518)
	at org.apache.tools.ant.taskdefs.optional.junit.JUnitTask.executeInVM(JUnitTask.java:1420)
	at org.apache.tools.ant.taskdefs.optional.junit.JUnitTask.execute(JUnitTask.java:848)
	at org.apache.tools.ant.taskdefs.optional.junit.JUnitTask.executeOrQueue(JUnitTask.java:1899)
	at org.apache.tools.ant.taskdefs.optional.junit.JUnitTask.execute(JUnitTask.java:800)
	at org.apache.tools.ant.UnknownElement.execute(UnknownElement.java:291)
	at sun.reflect.NativeMethodAccessorImpl.invoke0(Native Method)
	at sun.reflect.NativeMethodAccessorImpl.invoke(NativeMethodAccessorImpl.java:57)
	at sun.reflect.DelegatingMethodAccessorImpl.invoke(DelegatingMethodAccessorImpl.java:43)
	at java.lang.reflect.Method.invoke(Method.java:601)
	at org.apache.tools.ant.dispatch.DispatchUtils.execute(DispatchUtils.java:106)
	at org.apache.tools.ant.Task.perform(Task.java:348)
	at org.apache.tools.ant.Target.execute(Target.java:390)
	at org.apache.tools.ant.Target.performTasks(Target.java:411)
	at org.apache.tools.ant.Project.executeSortedTargets(Project.java:1399)
	at org.apache.tools.ant.Project.executeTarget(Project.java:1368)
	at org.apache.tools.ant.helper.DefaultExecutor.executeTargets(DefaultExecutor.java:41)
	at org.eclipse.ant.internal.launching.remote.EclipseDefaultExecutor.executeTargets(EclipseDefaultExecutor.java:32)
	at org.apache.tools.ant.Project.executeTargets(Project.java:1251)
	at org.eclipse.ant.internal.launching.remote.InternalAntRunner.run(InternalAntRunner.java:424)
	at org.eclipse.ant.internal.launching.remote.InternalAntRunner.main(InternalAntRunner.java:138)
Caused by: java.lang.ClassNotFoundException: org.apache.derby.jdbc.EmbeddedDriver
	at org.apache.tools.ant.AntClassLoader.findClassInComponents(AntClassLoader.java:1361)
	at org.apache.tools.ant.AntClassLoader.findClass(AntClassLoader.java:1311)
	at org.apache.tools.ant.AntClassLoader.loadClass(AntClassLoader.java:1064)
	at org.apache.tools.ant.util.SplitClassLoader.loadClass(SplitClassLoader.java:58)
	at java.lang.ClassLoader.loadClass(ClassLoader.java:356)
	at java.lang.Class.forName0(Native Method)
	at java.lang.Class.forName(Class.java:186)
	at edu.umass.cs.benchlab.har.HarDatabaseConfig.<init>(HarDatabaseConfig.java:91)
	... 42 more
java.sql.SQLException: Failed to instantiate database driver org.apache.derby.jdbc.EmbeddedDriver (java.lang.ClassNotFoundException: org.apache.derby.jdbc.EmbeddedDriver)
	at edu.umass.cs.benchlab.har.HarDatabaseConfig.<init>(HarDatabaseConfig.java:95)
	at edu.umass.cs.benchlab.har.test.HarJDBCTest.testHarJDBC(HarJDBCTest.java:94)
	at sun.reflect.NativeMethodAccessorImpl.invoke0(Native Method)
	at sun.reflect.NativeMethodAccessorImpl.invoke(NativeMethodAccessorImpl.java:57)
	at sun.reflect.DelegatingMethodAccessorImpl.invoke(DelegatingMethodAccessorImpl.java:43)
	at java.lang.reflect.Method.invoke(Method.java:601)
	at org.junit.internal.runners.TestMethodRunner.executeMethodBody(TestMethodRunner.java:99)
	at org.junit.internal.runners.TestMethodRunner.runUnprotected(TestMethodRunner.java:81)
	at org.junit.internal.runners.BeforeAndAfterRunner.runProtected(BeforeAndAfterRunner.java:34)
	at org.junit.internal.runners.TestMethodRunner.runMethod(TestMethodRunner.java:75)
	at org.junit.internal.runners.TestMethodRunner.run(TestMethodRunner.java:45)
	at org.junit.internal.runners.TestClassMethodsRunner.invokeTestMethod(TestClassMethodsRunner.java:66)
	at org.junit.internal.runners.TestClassMethodsRunner.run(TestClassMethodsRunner.java:35)
	at org.junit.internal.runners.CompositeRunner.run(CompositeRunner.java:29)
	at org.junit.internal.runners.TestClassRunner$1.runUnprotected(TestClassRunner.java:42)
	at org.junit.internal.runners.BeforeAndAfterRunner.runProtected(BeforeAndAfterRunner.java:34)
	at org.junit.internal.runners.TestClassRunner.run(TestClassRunner.java:52)
	at org.junit.internal.runners.CompositeRunner.run(CompositeRunner.java:29)
	at org.junit.internal.runners.TestClassRunner$1.runUnprotected(TestClassRunner.java:42)
	at org.junit.internal.runners.BeforeAndAfterRunner.runProtected(BeforeAndAfterRunner.java:34)
	at org.junit.internal.runners.TestClassRunner.run(TestClassRunner.java:52)
	at junit.framework.JUnit4TestAdapter.run(JUnit4TestAdapter.java:32)
	at org.apache.tools.ant.taskdefs.optional.junit.JUnitTestRunner.run(JUnitTestRunner.java:518)
	at org.apache.tools.ant.taskdefs.optional.junit.JUnitTask.executeInVM(JUnitTask.java:1420)
	at org.apache.tools.ant.taskdefs.optional.junit.JUnitTask.execute(JUnitTask.java:848)
	at org.apache.tools.ant.taskdefs.optional.junit.JUnitTask.executeOrQueue(JUnitTask.java:1899)
	at org.apache.tools.ant.taskdefs.optional.junit.JUnitTask.execute(JUnitTask.java:800)
	at org.apache.tools.ant.UnknownElement.execute(UnknownElement.java:291)
	at sun.reflect.NativeMethodAccessorImpl.invoke0(Native Method)
	at sun.reflect.NativeMethodAccessorImpl.invoke(NativeMethodAccessorImpl.java:57)
	at sun.reflect.DelegatingMethodAccessorImpl.invoke(DelegatingMethodAccessorImpl.java:43)
	at java.lang.reflect.Method.invoke(Method.java:601)
	at org.apache.tools.ant.dispatch.DispatchUtils.execute(DispatchUtils.java:106)
	at org.apache.tools.ant.Task.perform(Task.java:348)
	at org.apache.tools.ant.Target.execute(Target.java:390)
	at org.apache.tools.ant.Target.performTasks(Target.java:411)
	at org.apache.tools.ant.Project.executeSortedTargets(Project.java:1399)
	at org.apache.tools.ant.Project.executeTarget(Project.java:1368)
	at org.apache.tools.ant.helper.DefaultExecutor.executeTargets(DefaultExecutor.java:41)
	at org.eclipse.ant.internal.launching.remote.EclipseDefaultExecutor.executeTargets(EclipseDefaultExecutor.java:32)
	at org.apache.tools.ant.Project.executeTargets(Project.java:1251)
	at org.eclipse.ant.internal.launching.remote.InternalAntRunner.run(InternalAntRunner.java:424)
	at org.eclipse.ant.internal.launching.remote.InternalAntRunner.main(InternalAntRunner.java:138)
Caused by: java.lang.ClassNotFoundException: org.apache.derby.jdbc.EmbeddedDriver
	at org.apache.tools.ant.AntClassLoader.findClassInComponents(AntClassLoader.java:1361)
	at org.apache.tools.ant.AntClassLoader.findClass(AntClassLoader.java:1311)
	at org.apache.tools.ant.AntClassLoader.loadClass(AntClassLoader.java:1064)
	at org.apache.tools.ant.util.SplitClassLoader.loadClass(SplitClassLoader.java:58)
	at java.lang.ClassLoader.loadClass(ClassLoader.java:356)
	at java.lang.Class.forName0(Native Method)
	at java.lang.Class.forName(Class.java:186)
	at edu.umass.cs.benchlab.har.HarDatabaseConfig.<init>(HarDatabaseConfig.java:91)
	... 42 more
java.sql.SQLException: Failed to instantiate database driver org.apache.derby.jdbc.EmbeddedDriver (java.lang.ClassNotFoundException: org.apache.derby.jdbc.EmbeddedDriver)
	at edu.umass.cs.benchlab.har.HarDatabaseConfig.<init>(HarDatabaseConfig.java:95)
	at edu.umass.cs.benchlab.har.test.HarJDBCTest.testHarJDBC(HarJDBCTest.java:94)
	at sun.reflect.NativeMethodAccessorImpl.invoke0(Native Method)
	at sun.reflect.NativeMethodAccessorImpl.invoke(NativeMethodAccessorImpl.java:57)
	at sun.reflect.DelegatingMethodAccessorImpl.invoke(DelegatingMethodAccessorImpl.java:43)
	at java.lang.reflect.Method.invoke(Method.java:601)
	at org.junit.internal.runners.TestMethodRunner.executeMethodBody(TestMethodRunner.java:99)
	at org.junit.internal.runners.TestMethodRunner.runUnprotected(TestMethodRunner.java:81)
	at org.junit.internal.runners.BeforeAndAfterRunner.runProtected(BeforeAndAfterRunner.java:34)
	at org.junit.internal.runners.TestMethodRunner.runMethod(TestMethodRunner.java:75)
	at org.junit.internal.runners.TestMethodRunner.run(TestMethodRunner.java:45)
	at org.junit.internal.runners.TestClassMethodsRunner.invokeTestMethod(TestClassMethodsRunner.java:66)
	at org.junit.internal.runners.TestClassMethodsRunner.run(TestClassMethodsRunner.java:35)
	at org.junit.internal.runners.CompositeRunner.run(CompositeRunner.java:29)
	at org.junit.internal.runners.TestClassRunner$1.runUnprotected(TestClassRunner.java:42)
	at org.junit.internal.runners.BeforeAndAfterRunner.runProtected(BeforeAndAfterRunner.java:34)
	at org.junit.internal.runners.TestClassRunner.run(TestClassRunner.java:52)
	at org.junit.internal.runners.CompositeRunner.run(CompositeRunner.java:29)
	at org.junit.internal.runners.TestClassRunner$1.runUnprotected(TestClassRunner.java:42)
	at org.junit.internal.runners.BeforeAndAfterRunner.runProtected(BeforeAndAfterRunner.java:34)
	at org.junit.internal.runners.TestClassRunner.run(TestClassRunner.java:52)
	at junit.framework.JUnit4TestAdapter.run(JUnit4TestAdapter.java:32)
	at org.apache.tools.ant.taskdefs.optional.junit.JUnitTestRunner.run(JUnitTestRunner.java:518)
	at org.apache.tools.ant.taskdefs.optional.junit.JUnitTask.executeInVM(JUnitTask.java:1420)
	at org.apache.tools.ant.taskdefs.optional.junit.JUnitTask.execute(JUnitTask.java:848)
	at org.apache.tools.ant.taskdefs.optional.junit.JUnitTask.executeOrQueue(JUnitTask.java:1899)
	at org.apache.tools.ant.taskdefs.optional.junit.JUnitTask.execute(JUnitTask.java:800)
	at org.apache.tools.ant.UnknownElement.execute(UnknownElement.java:291)
	at sun.reflect.NativeMethodAccessorImpl.invoke0(Native Method)
	at sun.reflect.NativeMethodAccessorImpl.invoke(NativeMethodAccessorImpl.java:57)
	at sun.reflect.DelegatingMethodAccessorImpl.invoke(DelegatingMethodAccessorImpl.java:43)
	at java.lang.reflect.Method.invoke(Method.java:601)
	at org.apache.tools.ant.dispatch.DispatchUtils.execute(DispatchUtils.java:106)
	at org.apache.tools.ant.Task.perform(Task.java:348)
	at org.apache.tools.ant.Target.execute(Target.java:390)
	at org.apache.tools.ant.Target.performTasks(Target.java:411)
	at org.apache.tools.ant.Project.executeSortedTargets(Project.java:1399)
	at org.apache.tools.ant.Project.executeTarget(Project.java:1368)
	at org.apache.tools.ant.helper.DefaultExecutor.executeTargets(DefaultExecutor.java:41)
	at org.eclipse.ant.internal.launching.remote.EclipseDefaultExecutor.executeTargets(EclipseDefaultExecutor.java:32)
	at org.apache.tools.ant.Project.executeTargets(Project.java:1251)
	at org.eclipse.ant.internal.launching.remote.InternalAntRunner.run(InternalAntRunner.java:424)
	at org.eclipse.ant.internal.launching.remote.InternalAntRunner.main(InternalAntRunner.java:138)
Caused by: java.lang.ClassNotFoundException: org.apache.derby.jdbc.EmbeddedDriver
	at org.apache.tools.ant.AntClassLoader.findClassInComponents(AntClassLoader.java:1361)
	at org.apache.tools.ant.AntClassLoader.findClass(AntClassLoader.java:1311)
	at org.apache.tools.ant.AntClassLoader.loadClass(AntClassLoader.java:1064)
	at org.apache.tools.ant.util.SplitClassLoader.loadClass(SplitClassLoader.java:58)
	at java.lang.ClassLoader.loadClass(ClassLoader.java:356)
	at java.lang.Class.forName0(Native Method)
	at java.lang.Class.forName(Class.java:186)
	at edu.umass.cs.benchlab.har.HarDatabaseConfig.<init>(HarDatabaseConfig.java:91)
	... 42 more
java.sql.SQLException: Failed to instantiate database driver org.apache.derby.jdbc.EmbeddedDriver (java.lang.ClassNotFoundException: org.apache.derby.jdbc.EmbeddedDriver)
	at edu.umass.cs.benchlab.har.HarDatabaseConfig.<init>(HarDatabaseConfig.java:95)
	at edu.umass.cs.benchlab.har.test.HarJDBCTest.testHarJDBC(HarJDBCTest.java:94)
	at sun.reflect.NativeMethodAccessorImpl.invoke0(Native Method)
	at sun.reflect.NativeMethodAccessorImpl.invoke(NativeMethodAccessorImpl.java:57)
	at sun.reflect.DelegatingMethodAccessorImpl.invoke(DelegatingMethodAccessorImpl.java:43)
	at java.lang.reflect.Method.invoke(Method.java:601)
	at org.junit.internal.runners.TestMethodRunner.executeMethodBody(TestMethodRunner.java:99)
	at org.junit.internal.runners.TestMethodRunner.runUnprotected(TestMethodRunner.java:81)
	at org.junit.internal.runners.BeforeAndAfterRunner.runProtected(BeforeAndAfterRunner.java:34)
	at org.junit.internal.runners.TestMethodRunner.runMethod(TestMethodRunner.java:75)
	at org.junit.internal.runners.TestMethodRunner.run(TestMethodRunner.java:45)
	at org.junit.internal.runners.TestClassMethodsRunner.invokeTestMethod(TestClassMethodsRunner.java:66)
	at org.junit.internal.runners.TestClassMethodsRunner.run(TestClassMethodsRunner.java:35)
	at org.junit.internal.runners.CompositeRunner.run(CompositeRunner.java:29)
	at org.junit.internal.runners.TestClassRunner$1.runUnprotected(TestClassRunner.java:42)
	at org.junit.internal.runners.BeforeAndAfterRunner.runProtected(BeforeAndAfterRunner.java:34)
	at org.junit.internal.runners.TestClassRunner.run(TestClassRunner.java:52)
	at org.junit.internal.runners.CompositeRunner.run(CompositeRunner.java:29)
	at org.junit.internal.runners.TestClassRunner$1.runUnprotected(TestClassRunner.java:42)
	at org.junit.internal.runners.BeforeAndAfterRunner.runProtected(BeforeAndAfterRunner.java:34)
	at org.junit.internal.runners.TestClassRunner.run(TestClassRunner.java:52)
	at junit.framework.JUnit4TestAdapter.run(JUnit4TestAdapter.java:32)
	at org.apache.tools.ant.taskdefs.optional.junit.JUnitTestRunner.run(JUnitTestRunner.java:518)
	at org.apache.tools.ant.taskdefs.optional.junit.JUnitTask.executeInVM(JUnitTask.java:1420)
	at org.apache.tools.ant.taskdefs.optional.junit.JUnitTask.execute(JUnitTask.java:848)
	at org.apache.tools.ant.taskdefs.optional.junit.JUnitTask.executeOrQueue(JUnitTask.java:1899)
	at org.apache.tools.ant.taskdefs.optional.junit.JUnitTask.execute(JUnitTask.java:800)
	at org.apache.tools.ant.UnknownElement.execute(UnknownElement.java:291)
	at sun.reflect.NativeMethodAccessorImpl.invoke0(Native Method)
	at sun.reflect.NativeMethodAccessorImpl.invoke(NativeMethodAccessorImpl.java:57)
	at sun.reflect.DelegatingMethodAccessorImpl.invoke(DelegatingMethodAccessorImpl.java:43)
	at java.lang.reflect.Method.invoke(Method.java:601)
	at org.apache.tools.ant.dispatch.DispatchUtils.execute(DispatchUtils.java:106)
	at org.apache.tools.ant.Task.perform(Task.java:348)
	at org.apache.tools.ant.Target.execute(Target.java:390)
	at org.apache.tools.ant.Target.performTasks(Target.java:411)
	at org.apache.tools.ant.Project.executeSortedTargets(Project.java:1399)
	at org.apache.tools.ant.Project.executeTarget(Project.java:1368)
	at org.apache.tools.ant.helper.DefaultExecutor.executeTargets(DefaultExecutor.java:41)
	at org.eclipse.ant.internal.launching.remote.EclipseDefaultExecutor.executeTargets(EclipseDefaultExecutor.java:32)
	at org.apache.tools.ant.Project.executeTargets(Project.java:1251)
	at org.eclipse.ant.internal.launching.remote.InternalAntRunner.run(InternalAntRunner.java:424)
	at org.eclipse.ant.internal.launching.remote.InternalAntRunner.main(InternalAntRunner.java:138)
Caused by: java.lang.ClassNotFoundException: org.apache.derby.jdbc.EmbeddedDriver
	at org.apache.tools.ant.AntClassLoader.findClassInComponents(AntClassLoader.java:1361)
	at org.apache.tools.ant.AntClassLoader.findClass(AntClassLoader.java:1311)
	at org.apache.tools.ant.AntClassLoader.loadClass(AntClassLoader.java:1064)
	at org.apache.tools.ant.util.SplitClassLoader.loadClass(SplitClassLoader.java:58)
	at java.lang.ClassLoader.loadClass(ClassLoader.java:356)
	at java.lang.Class.forName0(Native Method)
	at java.lang.Class.forName(Class.java:186)
	at edu.umass.cs.benchlab.har.HarDatabaseConfig.<init>(HarDatabaseConfig.java:91)
	... 42 more
java.sql.SQLException: Failed to instantiate database driver org.apache.derby.jdbc.EmbeddedDriver (java.lang.ClassNotFoundException: org.apache.derby.jdbc.EmbeddedDriver)
	at edu.umass.cs.benchlab.har.HarDatabaseConfig.<init>(HarDatabaseConfig.java:95)
	at edu.umass.cs.benchlab.har.test.HarJDBCTest.testHarJDBC(HarJDBCTest.java:94)
	at sun.reflect.NativeMethodAccessorImpl.invoke0(Native Method)
	at sun.reflect.NativeMethodAccessorImpl.invoke(NativeMethodAccessorImpl.java:57)
	at sun.reflect.DelegatingMethodAccessorImpl.invoke(DelegatingMethodAccessorImpl.java:43)
	at java.lang.reflect.Method.invoke(Method.java:601)
	at org.junit.internal.runners.TestMethodRunner.executeMethodBody(TestMethodRunner.java:99)
	at org.junit.internal.runners.TestMethodRunner.runUnprotected(TestMethodRunner.java:81)
	at org.junit.internal.runners.BeforeAndAfterRunner.runProtected(BeforeAndAfterRunner.java:34)
	at org.junit.internal.runners.TestMethodRunner.runMethod(TestMethodRunner.java:75)
	at org.junit.internal.runners.TestMethodRunner.run(TestMethodRunner.java:45)
	at org.junit.internal.runners.TestClassMethodsRunner.invokeTestMethod(TestClassMethodsRunner.java:66)
	at org.junit.internal.runners.TestClassMethodsRunner.run(TestClassMethodsRunner.java:35)
	at org.junit.internal.runners.CompositeRunner.run(CompositeRunner.java:29)
	at org.junit.internal.runners.TestClassRunner$1.runUnprotected(TestClassRunner.java:42)
	at org.junit.internal.runners.BeforeAndAfterRunner.runProtected(BeforeAndAfterRunner.java:34)
	at org.junit.internal.runners.TestClassRunner.run(TestClassRunner.java:52)
	at org.junit.internal.runners.CompositeRunner.run(CompositeRunner.java:29)
	at org.junit.internal.runners.TestClassRunner$1.runUnprotected(TestClassRunner.java:42)
	at org.junit.internal.runners.BeforeAndAfterRunner.runProtected(BeforeAndAfterRunner.java:34)
	at org.junit.internal.runners.TestClassRunner.run(TestClassRunner.java:52)
	at junit.framework.JUnit4TestAdapter.run(JUnit4TestAdapter.java:32)
	at org.apache.tools.ant.taskdefs.optional.junit.JUnitTestRunner.run(JUnitTestRunner.java:518)
	at org.apache.tools.ant.taskdefs.optional.junit.JUnitTask.executeInVM(JUnitTask.java:1420)
	at org.apache.tools.ant.taskdefs.optional.junit.JUnitTask.execute(JUnitTask.java:848)
	at org.apache.tools.ant.taskdefs.optional.junit.JUnitTask.executeOrQueue(JUnitTask.java:1899)
	at org.apache.tools.ant.taskdefs.optional.junit.JUnitTask.execute(JUnitTask.java:800)
	at org.apache.tools.ant.UnknownElement.execute(UnknownElement.java:291)
	at sun.reflect.NativeMethodAccessorImpl.invoke0(Native Method)
	at sun.reflect.NativeMethodAccessorImpl.invoke(NativeMethodAccessorImpl.java:57)
	at sun.reflect.DelegatingMethodAccessorImpl.invoke(DelegatingMethodAccessorImpl.java:43)
	at java.lang.reflect.Method.invoke(Method.java:601)
	at org.apache.tools.ant.dispatch.DispatchUtils.execute(DispatchUtils.java:106)
	at org.apache.tools.ant.Task.perform(Task.java:348)
	at org.apache.tools.ant.Target.execute(Target.java:390)
	at org.apache.tools.ant.Target.performTasks(Target.java:411)
	at org.apache.tools.ant.Project.executeSortedTargets(Project.java:1399)
	at org.apache.tools.ant.Project.executeTarget(Project.java:1368)
	at org.apache.tools.ant.helper.DefaultExecutor.executeTargets(DefaultExecutor.java:41)
	at org.eclipse.ant.internal.launching.remote.EclipseDefaultExecutor.executeTargets(EclipseDefaultExecutor.java:32)
	at org.apache.tools.ant.Project.executeTargets(Project.java:1251)
	at org.eclipse.ant.internal.launching.remote.InternalAntRunner.run(InternalAntRunner.java:424)
	at org.eclipse.ant.internal.launching.remote.InternalAntRunner.main(InternalAntRunner.java:138)
Caused by: java.lang.ClassNotFoundException: org.apache.derby.jdbc.EmbeddedDriver
	at org.apache.tools.ant.AntClassLoader.findClassInComponents(AntClassLoader.java:1361)
	at org.apache.tools.ant.AntClassLoader.findClass(AntClassLoader.java:1311)
	at org.apache.tools.ant.AntClassLoader.loadClass(AntClassLoader.java:1064)
	at org.apache.tools.ant.util.SplitClassLoader.loadClass(SplitClassLoader.java:58)
	at java.lang.ClassLoader.loadClass(ClassLoader.java:356)
	at java.lang.Class.forName0(Native Method)
	at java.lang.Class.forName(Class.java:186)
	at edu.umass.cs.benchlab.har.HarDatabaseConfig.<init>(HarDatabaseConfig.java:91)
	... 42 more
java.sql.SQLException: Failed to instantiate database driver org.apache.derby.jdbc.EmbeddedDriver (java.lang.ClassNotFoundException: org.apache.derby.jdbc.EmbeddedDriver)
	at edu.umass.cs.benchlab.har.HarDatabaseConfig.<init>(HarDatabaseConfig.java:95)
	at edu.umass.cs.benchlab.har.test.HarJDBCTest.testHarJDBC(HarJDBCTest.java:94)
	at sun.reflect.NativeMethodAccessorImpl.invoke0(Native Method)
	at sun.reflect.NativeMethodAccessorImpl.invoke(NativeMethodAccessorImpl.java:57)
	at sun.reflect.DelegatingMethodAccessorImpl.invoke(DelegatingMethodAccessorImpl.java:43)
	at java.lang.reflect.Method.invoke(Method.java:601)
	at org.junit.internal.runners.TestMethodRunner.executeMethodBody(TestMethodRunner.java:99)
	at org.junit.internal.runners.TestMethodRunner.runUnprotected(TestMethodRunner.java:81)
	at org.junit.internal.runners.BeforeAndAfterRunner.runProtected(BeforeAndAfterRunner.java:34)
	at org.junit.internal.runners.TestMethodRunner.runMethod(TestMethodRunner.java:75)
	at org.junit.internal.runners.TestMethodRunner.run(TestMethodRunner.java:45)
	at org.junit.internal.runners.TestClassMethodsRunner.invokeTestMethod(TestClassMethodsRunner.java:66)
	at org.junit.internal.runners.TestClassMethodsRunner.run(TestClassMethodsRunner.java:35)
	at org.junit.internal.runners.CompositeRunner.run(CompositeRunner.java:29)
	at org.junit.internal.runners.TestClassRunner$1.runUnprotected(TestClassRunner.java:42)
	at org.junit.internal.runners.BeforeAndAfterRunner.runProtected(BeforeAndAfterRunner.java:34)
	at org.junit.internal.runners.TestClassRunner.run(TestClassRunner.java:52)
	at org.junit.internal.runners.CompositeRunner.run(CompositeRunner.java:29)
	at org.junit.internal.runners.TestClassRunner$1.runUnprotected(TestClassRunner.java:42)
	at org.junit.internal.runners.BeforeAndAfterRunner.runProtected(BeforeAndAfterRunner.java:34)
	at org.junit.internal.runners.TestClassRunner.run(TestClassRunner.java:52)
	at junit.framework.JUnit4TestAdapter.run(JUnit4TestAdapter.java:32)
	at org.apache.tools.ant.taskdefs.optional.junit.JUnitTestRunner.run(JUnitTestRunner.java:518)
	at org.apache.tools.ant.taskdefs.optional.junit.JUnitTask.executeInVM(JUnitTask.java:1420)
	at org.apache.tools.ant.taskdefs.optional.junit.JUnitTask.execute(JUnitTask.java:848)
	at org.apache.tools.ant.taskdefs.optional.junit.JUnitTask.executeOrQueue(JUnitTask.java:1899)
	at org.apache.tools.ant.taskdefs.optional.junit.JUnitTask.execute(JUnitTask.java:800)
	at org.apache.tools.ant.UnknownElement.execute(UnknownElement.java:291)
	at sun.reflect.NativeMethodAccessorImpl.invoke0(Native Method)
	at sun.reflect.NativeMethodAccessorImpl.invoke(NativeMethodAccessorImpl.java:57)
	at sun.reflect.DelegatingMethodAccessorImpl.invoke(DelegatingMethodAccessorImpl.java:43)
	at java.lang.reflect.Method.invoke(Method.java:601)
	at org.apache.tools.ant.dispatch.DispatchUtils.execute(DispatchUtils.java:106)
	at org.apache.tools.ant.Task.perform(Task.java:348)
	at org.apache.tools.ant.Target.execute(Target.java:390)
	at org.apache.tools.ant.Target.performTasks(Target.java:411)
	at org.apache.tools.ant.Project.executeSortedTargets(Project.java:1399)
	at org.apache.tools.ant.Project.executeTarget(Project.java:1368)
	at org.apache.tools.ant.helper.DefaultExecutor.executeTargets(DefaultExecutor.java:41)
	at org.eclipse.ant.internal.launching.remote.EclipseDefaultExecutor.executeTargets(EclipseDefaultExecutor.java:32)
	at org.apache.tools.ant.Project.executeTargets(Project.java:1251)
	at org.eclipse.ant.internal.launching.remote.InternalAntRunner.run(InternalAntRunner.java:424)
	at org.eclipse.ant.internal.launching.remote.InternalAntRunner.main(InternalAntRunner.java:138)
Caused by: java.lang.ClassNotFoundException: org.apache.derby.jdbc.EmbeddedDriver
	at org.apache.tools.ant.AntClassLoader.findClassInComponents(AntClassLoader.java:1361)
	at org.apache.tools.ant.AntClassLoader.findClass(AntClassLoader.java:1311)
	at org.apache.tools.ant.AntClassLoader.loadClass(AntClassLoader.java:1064)
	at org.apache.tools.ant.util.SplitClassLoader.loadClass(SplitClassLoader.java:58)
	at java.lang.ClassLoader.loadClass(ClassLoader.java:356)
	at java.lang.Class.forName0(Native Method)
	at java.lang.Class.forName(Class.java:186)
	at edu.umass.cs.benchlab.har.HarDatabaseConfig.<init>(HarDatabaseConfig.java:91)
	... 42 more
------------- ---------------- ---------------

Testcase: testParseDate took 0.01 sec
Testcase: testFormat took 0.001 sec
Testcase: testReadWithCustomJsonParser[0] took 0.547 sec
Testcase: testReadHarFile[0] took 0.02 sec
Testcase: testReadWithCustomJsonParser[1] took 0.061 sec
Testcase: testReadHarFile[1] took 0.015 sec
Testcase: testReadWithCustomJsonParser[2] took 0.032 sec
Testcase: testReadHarFile[2] took 0.006 sec
Testcase: testReadWithCustomJsonParser[3] took 0.014 sec
Testcase: testReadHarFile[3] took 0.003 sec
Testcase: testReadWithCustomJsonParser[4] took 0.01 sec
Testcase: testReadHarFile[4] took 0.004 sec
Testcase: testReadWithCustomJsonParser[5] took 0.032 sec
Testcase: testReadHarFile[5] took 0.021 sec
Testcase: testReadWithCustomJsonParser[6] took 0.091 sec
Testcase: testReadHarFile[6] took 0.001 sec
Testcase: testReadWithCustomJsonParser[7] took 0.051 sec
Testcase: testReadHarFile[7] took 0.005 sec
Testcase: testReadWithCustomJsonParser[8] took 0.047 sec
Testcase: testReadHarFile[8] took 0.013 sec
Testcase: testWriteWithCustomJsonGeneratorAndParser[0] took 0.161 sec
Testcase: testWriteHarFile[0] took 0.07 sec
Testcase: testWriteWithCustomJsonGeneratorAndParser[1] took 0.045 sec
Testcase: testWriteHarFile[1] took 0.054 sec
Testcase: testWriteWithCustomJsonGeneratorAndParser[2] took 0.015 sec
Testcase: testWriteHarFile[2] took 0.016 sec
Testcase: testWriteWithCustomJsonGeneratorAndParser[3] took 0.007 sec
Testcase: testWriteHarFile[3] took 0.009 sec
Testcase: testWriteWithCustomJsonGeneratorAndParser[4] took 0.008 sec
Testcase: testWriteHarFile[4] took 0.011 sec
Testcase: testWriteWithCustomJsonGeneratorAndParser[5] took 0.051 sec
Testcase: testWriteHarFile[5] took 0.059 sec
Testcase: testWriteWithCustomJsonGeneratorAndParser[6] took 0.006 sec
Testcase: testWriteHarFile[6] took 0.004 sec
Testcase: testHarJDBC[0] took 0.111 sec
	FAILED
SQL exception during test
junit.framework.AssertionFailedError: SQL exception during test
	at edu.umass.cs.benchlab.har.test.HarJDBCTest.testHarJDBC(HarJDBCTest.java:126)
	at org.eclipse.ant.internal.launching.remote.EclipseDefaultExecutor.executeTargets(EclipseDefaultExecutor.java:32)
	at org.eclipse.ant.internal.launching.remote.InternalAntRunner.run(InternalAntRunner.java:424)
	at org.eclipse.ant.internal.launching.remote.InternalAntRunner.main(InternalAntRunner.java:138)

Testcase: testHarJDBC[1] took 0.01 sec
	FAILED
SQL exception during test
junit.framework.AssertionFailedError: SQL exception during test
	at edu.umass.cs.benchlab.har.test.HarJDBCTest.testHarJDBC(HarJDBCTest.java:126)
	at org.eclipse.ant.internal.launching.remote.EclipseDefaultExecutor.executeTargets(EclipseDefaultExecutor.java:32)
	at org.eclipse.ant.internal.launching.remote.InternalAntRunner.run(InternalAntRunner.java:424)
	at org.eclipse.ant.internal.launching.remote.InternalAntRunner.main(InternalAntRunner.java:138)

Testcase: testHarJDBC[2] took 0.007 sec
	FAILED
SQL exception during test
junit.framework.AssertionFailedError: SQL exception during test
	at edu.umass.cs.benchlab.har.test.HarJDBCTest.testHarJDBC(HarJDBCTest.java:126)
	at org.eclipse.ant.internal.launching.remote.EclipseDefaultExecutor.executeTargets(EclipseDefaultExecutor.java:32)
	at org.eclipse.ant.internal.launching.remote.InternalAntRunner.run(InternalAntRunner.java:424)
	at org.eclipse.ant.internal.launching.remote.InternalAntRunner.main(InternalAntRunner.java:138)

Testcase: testHarJDBC[3] took 0.005 sec
	FAILED
SQL exception during test
junit.framework.AssertionFailedError: SQL exception during test
	at edu.umass.cs.benchlab.har.test.HarJDBCTest.testHarJDBC(HarJDBCTest.java:126)
	at org.eclipse.ant.internal.launching.remote.EclipseDefaultExecutor.executeTargets(EclipseDefaultExecutor.java:32)
	at org.eclipse.ant.internal.launching.remote.InternalAntRunner.run(InternalAntRunner.java:424)
	at org.eclipse.ant.internal.launching.remote.InternalAntRunner.main(InternalAntRunner.java:138)

Testcase: testHarJDBC[4] took 0.006 sec
	FAILED
SQL exception during test
junit.framework.AssertionFailedError: SQL exception during test
	at edu.umass.cs.benchlab.har.test.HarJDBCTest.testHarJDBC(HarJDBCTest.java:126)
	at org.eclipse.ant.internal.launching.remote.EclipseDefaultExecutor.executeTargets(EclipseDefaultExecutor.java:32)
	at org.eclipse.ant.internal.launching.remote.InternalAntRunner.run(InternalAntRunner.java:424)
	at org.eclipse.ant.internal.launching.remote.InternalAntRunner.main(InternalAntRunner.java:138)

Testcase: testHarJDBC[5] took 0.009 sec
	FAILED
SQL exception during test
junit.framework.AssertionFailedError: SQL exception during test
	at edu.umass.cs.benchlab.har.test.HarJDBCTest.testHarJDBC(HarJDBCTest.java:126)
	at org.eclipse.ant.internal.launching.remote.EclipseDefaultExecutor.executeTargets(EclipseDefaultExecutor.java:32)
	at org.eclipse.ant.internal.launching.remote.InternalAntRunner.run(InternalAntRunner.java:424)
	at org.eclipse.ant.internal.launching.remote.InternalAntRunner.main(InternalAntRunner.java:138)

Testcase: testHarJDBC[6] took 0.003 sec
	FAILED
SQL exception during test
junit.framework.AssertionFailedError: SQL exception during test
	at edu.umass.cs.benchlab.har.test.HarJDBCTest.testHarJDBC(HarJDBCTest.java:126)
	at org.eclipse.ant.internal.launching.remote.EclipseDefaultExecutor.executeTargets(EclipseDefaultExecutor.java:32)
	at org.eclipse.ant.internal.launching.remote.InternalAntRunner.run(InternalAntRunner.java:424)
	at org.eclipse.ant.internal.launching.remote.InternalAntRunner.main(InternalAntRunner.java:138)

